# JRE version: OpenJDK Runtime Environment Temurin-21.0.10+7 (21.0.10+7) (build 21.0.10+7-LTS)
# Java VM: OpenJDK 64-Bit Server VM Temurin-21.0.10+7 (21.0.10+7-LTS, mixed mode, sharing, tiered, compressed oops, compressed class ptrs, parallel gc, windows-amd64)
GC Precious Log:
 CardTable entry size: 512
 CPUs: 12 total, 12 available
 Memory: 16052M
 Large Page Support: Disabled
 NUMA Support: Disabled
 Compressed Oops: Enabled (32-bit)
 Alignments: Space 512K, Generation 512K, Heap 2M
 Heap Min Capacity: 100M
 Heap Initial Capacity: 100M
 Heap Max Capacity: 2G
 Pre-touch: Disabled
 Parallel Workers: 10
Heap:
 PSYoungGen      total 5632K, used 2807K [0x00000000d5580000, 0x00000000d5c80000, 0x0000000100000000)
  eden space 5120K, 48% used [0x00000000d5580000,0x00000000d57edc38,0x00000000d5a80000)
  from space 512K, 62% used [0x00000000d5c00000,0x00000000d5c50000,0x00000000d5c80000)
  to   space 512K, 0% used [0x00000000d5b80000,0x00000000d5b80000,0x00000000d5c00000)
 ParOldGen       total 950272K, used 950035K [0x0000000080000000, 0x00000000ba000000, 0x00000000d5580000)
  object space 950272K, 99% used [0x0000000080000000,0x00000000b9fc4e68,0x00000000ba000000)
 Metaspace       used 106415K, committed 108480K, reserved 1179648K
  class space    used 10350K, committed 11456K, reserved 1048576K
GC Heap History (20 events):
Event: 266809.060 GC heap before
{Heap before GC invocations=12673 (full 21):
 PSYoungGen      total 5632K, used 5504K [0x00000000d5580000, 0x00000000d5c80000, 0x0000000100000000)
  eden space 5120K, 100% used [0x00000000d5580000,0x00000000d5a80000,0x00000000d5a80000)
  from space 512K, 75% used [0x00000000d5c00000,0x00000000d5c60020,0x00000000d5c80000)
  to   space 512K, 0% used [0x00000000d5b80000,0x00000000d5b80000,0x00000000d5c00000)
 ParOldGen       total 949248K, used 948787K [0x0000000080000000, 0x00000000b9f00000, 0x00000000d5580000)
  object space 949248K, 99% used [0x0000000080000000,0x00000000b9e8cd68,0x00000000b9f00000)
 Metaspace       used 106415K, committed 108480K, reserved 1179648K
  class space    used 10350K, committed 11456K, reserved 1048576K
}
Event: 266809.062 GC heap after
{Heap after GC invocations=12673 (full 21):
 PSYoungGen      total 5632K, used 320K [0x00000000d5580000, 0x00000000d5c80000, 0x0000000100000000)
  eden space 5120K, 0% used [0x00000000d5580000,0x00000000d5580000,0x00000000d5a80000)
  from space 512K, 62% used [0x00000000d5b80000,0x00000000d5bd0000,0x00000000d5c00000)
  to   space 512K, 0% used [0x00000000d5c00000,0x00000000d5c00000,0x00000000d5c80000)
 ParOldGen       total 949248K, used 948931K [0x0000000080000000, 0x00000000b9f00000, 0x00000000d5580000)
  object space 949248K, 99% used [0x0000000080000000,0x00000000b9eb0d98,0x00000000b9f00000)
 Metaspace       used 106415K, committed 108480K, reserved 1179648K
  class space    used 10350K, committed 11456K, reserved 1048576K
}
Event: 266810.826 GC heap before
{Heap before GC invocations=12674 (full 21):
 PSYoungGen      total 5632K, used 5439K [0x00000000d5580000, 0x00000000d5c80000, 0x0000000100000000)
  eden space 5120K, 99% used [0x00000000d5580000,0x00000000d5a7fff0,0x00000000d5a80000)
  from space 512K, 62% used [0x00000000d5b80000,0x00000000d5bd0000,0x00000000d5c00000)
  to   space 512K, 0% used [0x00000000d5c00000,0x00000000d5c00000,0x00000000d5c80000)
 ParOldGen       total 949248K, used 948931K [0x0000000080000000, 0x00000000b9f00000, 0x00000000d5580000)
  object space 949248K, 99% used [0x0000000080000000,0x00000000b9eb0d98,0x00000000b9f00000)
 Metaspace       used 106415K, committed 108480K, reserved 1179648K
  class space    used 10350K, committed 11456K, reserved 1048576K
}
Event: 266810.831 GC heap after
{Heap after GC invocations=12674 (full 21):
 PSYoungGen      total 5632K, used 288K [0x00000000d5580000, 0x00000000d5c80000, 0x0000000100000000)
  eden space 5120K, 0% used [0x00000000d5580000,0x00000000d5580000,0x00000000d5a80000)
  from space 512K, 56% used [0x00000000d5c00000,0x00000000d5c48000,0x00000000d5c80000)
  to   space 512K, 0% used [0x00000000d5b80000,0x00000000d5b80000,0x00000000d5c00000)
 ParOldGen       total 949248K, used 949011K [0x0000000080000000, 0x00000000b9f00000, 0x00000000d5580000)
  object space 949248K, 99% used [0x0000000080000000,0x00000000b9ec4d98,0x00000000b9f00000)
 Metaspace       used 106415K, committed 108480K, reserved 1179648K
  class space    used 10350K, committed 11456K, reserved 1048576K
}
Event: 266811.120 GC heap before
{Heap before GC invocations=12675 (full 21):
 PSYoungGen      total 5632K, used 5408K [0x00000000d5580000, 0x00000000d5c80000, 0x0000000100000000)
  eden space 5120K, 100% used [0x00000000d5580000,0x00000000d5a80000,0x00000000d5a80000)
  from space 512K, 56% used [0x00000000d5c00000,0x00000000d5c48000,0x00000000d5c80000)
  to   space 512K, 0% used [0x00000000d5b80000,0x00000000d5b80000,0x00000000d5c00000)
 ParOldGen       total 949248K, used 949011K [0x0000000080000000, 0x00000000b9f00000, 0x00000000d5580000)
  object space 949248K, 99% used [0x0000000080000000,0x00000000b9ec4d98,0x00000000b9f00000)
 Metaspace       used 106415K, committed 108480K, reserved 1179648K
  class space    used 10350K, committed 11456K, reserved 1048576K
}
Event: 266811.125 GC heap after
{Heap after GC invocations=12675 (full 21):
 PSYoungGen      total 5632K, used 352K [0x00000000d5580000, 0x00000000d5c80000, 0x0000000100000000)
  eden space 5120K, 0% used [0x00000000d5580000,0x00000000d5580000,0x00000000d5a80000)
  from space 512K, 68% used [0x00000000d5b80000,0x00000000d5bd8000,0x00000000d5c00000)
  to   space 512K, 0% used [0x00000000d5c00000,0x00000000d5c00000,0x00000000d5c80000)
 ParOldGen       total 949248K, used 949075K [0x0000000080000000, 0x00000000b9f00000, 0x00000000d5580000)
  object space 949248K, 99% used [0x0000000080000000,0x00000000b9ed4d98,0x00000000b9f00000)
 Metaspace       used 106415K, committed 108480K, reserved 1179648K
  class space    used 10350K, committed 11456K, reserved 1048576K
}
Event: 266841.944 GC heap before
{Heap before GC invocations=12676 (full 21):
 PSYoungGen      total 5632K, used 5472K [0x00000000d5580000, 0x00000000d5c80000, 0x0000000100000000)
  eden space 5120K, 100% used [0x00000000d5580000,0x00000000d5a80000,0x00000000d5a80000)
  from space 512K, 68% used [0x00000000d5b80000,0x00000000d5bd8000,0x00000000d5c00000)
  to   space 512K, 0% used [0x00000000d5c00000,0x00000000d5c00000,0x00000000d5c80000)
 ParOldGen       total 949248K, used 949075K [0x0000000080000000, 0x00000000b9f00000, 0x00000000d5580000)
  object space 949248K, 99% used [0x0000000080000000,0x00000000b9ed4d98,0x00000000b9f00000)
 Metaspace       used 106415K, committed 108480K, reserved 1179648K
  class space    used 10350K, committed 11456K, reserved 1048576K
}
Event: 266841.955 GC heap after
{Heap after GC invocations=12676 (full 21):
 PSYoungGen      total 5632K, used 368K [0x00000000d5580000, 0x00000000d5c80000, 0x0000000100000000)
  eden space 5120K, 0% used [0x00000000d5580000,0x00000000d5580000,0x00000000d5a80000)
  from space 512K, 71% used [0x00000000d5c00000,0x00000000d5c5c030,0x00000000d5c80000)
  to   space 512K, 0% used [0x00000000d5b80000,0x00000000d5b80000,0x00000000d5c00000)
 ParOldGen       total 949248K, used 949139K [0x0000000080000000, 0x00000000b9f00000, 0x00000000d5580000)
  object space 949248K, 99% used [0x0000000080000000,0x00000000b9ee4d98,0x00000000b9f00000)
 Metaspace       used 106415K, committed 108480K, reserved 1179648K
  class space    used 10350K, committed 11456K, reserved 1048576K
}
Event: 266976.508 GC heap before
{Heap before GC invocations=12677 (full 21):
 PSYoungGen      total 5632K, used 5488K [0x00000000d5580000, 0x00000000d5c80000, 0x0000000100000000)
  eden space 5120K, 100% used [0x00000000d5580000,0x00000000d5a80000,0x00000000d5a80000)
  from space 512K, 71% used [0x00000000d5c00000,0x00000000d5c5c030,0x00000000d5c80000)
  to   space 512K, 0% used [0x00000000d5b80000,0x00000000d5b80000,0x00000000d5c00000)
 ParOldGen       total 949248K, used 949139K [0x0000000080000000, 0x00000000b9f00000, 0x00000000d5580000)
  object space 949248K, 99% used [0x0000000080000000,0x00000000b9ee4d98,0x00000000b9f00000)
 Metaspace       used 106415K, committed 108480K, reserved 1179648K
  class space    used 10350K, committed 11456K, reserved 1048576K
}
Event: 266977.017 GC heap after
{Heap after GC invocations=12677 (full 21):
 PSYoungGen      total 5632K, used 368K [0x00000000d5580000, 0x00000000d5c80000, 0x0000000100000000)
  eden space 5120K, 0% used [0x00000000d5580000,0x00000000d5580000,0x00000000d5a80000)
  from space 512K, 71% used [0x00000000d5b80000,0x00000000d5bdc030,0x00000000d5c00000)
  to   space 512K, 0% used [0x00000000d5c00000,0x00000000d5c00000,0x00000000d5c80000)
 ParOldGen       total 949760K, used 949331K [0x0000000080000000, 0x00000000b9f80000, 0x00000000d5580000)
  object space 949760K, 99% used [0x0000000080000000,0x00000000b9f14dc8,0x00000000b9f80000)
 Metaspace       used 106415K, committed 108480K, reserved 1179648K
  class space    used 10350K, committed 11456K, reserved 1048576K
}
Event: 267011.162 GC heap before
{Heap before GC invocations=12678 (full 21):
 PSYoungGen      total 5632K, used 5474K [0x00000000d5580000, 0x00000000d5c80000, 0x0000000100000000)
  eden space 5120K, 99% used [0x00000000d5580000,0x00000000d5a7c7d0,0x00000000d5a80000)
  from space 512K, 71% used [0x00000000d5b80000,0x00000000d5bdc030,0x00000000d5c00000)
  to   space 512K, 0% used [0x00000000d5c00000,0x00000000d5c00000,0x00000000d5c80000)
 ParOldGen       total 949760K, used 949331K [0x0000000080000000, 0x00000000b9f80000, 0x00000000d5580000)
  object space 949760K, 99% used [0x0000000080000000,0x00000000b9f14dc8,0x00000000b9f80000)
 Metaspace       used 106415K, committed 108480K, reserved 1179648K
  class space    used 10350K, committed 11456K, reserved 1048576K
}
Event: 267011.283 GC heap after
{Heap after GC invocations=12678 (full 21):
 PSYoungGen      total 5632K, used 224K [0x00000000d5580000, 0x00000000d5c80000, 0x0000000100000000)
  eden space 5120K, 0% used [0x00000000d5580000,0x00000000d5580000,0x00000000d5a80000)
  from space 512K, 43% used [0x00000000d5c00000,0x00000000d5c38000,0x00000000d5c80000)
  to   space 512K, 0% used [0x00000000d5b80000,0x00000000d5b80000,0x00000000d5c00000)
 ParOldGen       total 949760K, used 949427K [0x0000000080000000, 0x00000000b9f80000, 0x00000000d5580000)
  object space 949760K, 99% used [0x0000000080000000,0x00000000b9f2cdc8,0x00000000b9f80000)
 Metaspace       used 106415K, committed 108480K, reserved 1179648K
  class space    used 10350K, committed 11456K, reserved 1048576K
}
Event: 267135.629 GC heap before
{Heap before GC invocations=12679 (full 21):
 PSYoungGen      total 5632K, used 5343K [0x00000000d5580000, 0x00000000d5c80000, 0x0000000100000000)
  eden space 5120K, 99% used [0x00000000d5580000,0x00000000d5a7fe00,0x00000000d5a80000)
  from space 512K, 43% used [0x00000000d5c00000,0x00000000d5c38000,0x00000000d5c80000)
  to   space 512K, 0% used [0x00000000d5b80000,0x00000000d5b80000,0x00000000d5c00000)
 ParOldGen       total 949760K, used 949427K [0x0000000080000000, 0x00000000b9f80000, 0x00000000d5580000)
  object space 949760K, 99% used [0x0000000080000000,0x00000000b9f2cdc8,0x00000000b9f80000)
 Metaspace       used 106415K, committed 108480K, reserved 1179648K
  class space    used 10350K, committed 11456K, reserved 1048576K
}
Event: 267135.640 GC heap after
{Heap after GC invocations=12679 (full 21):
 PSYoungGen      total 5632K, used 496K [0x00000000d5580000, 0x00000000d5c80000, 0x0000000100000000)
  eden space 5120K, 0% used [0x00000000d5580000,0x00000000d5580000,0x00000000d5a80000)
  from space 512K, 96% used [0x00000000d5b80000,0x00000000d5bfc050,0x00000000d5c00000)
  to   space 512K, 0% used [0x00000000d5c00000,0x00000000d5c00000,0x00000000d5c80000)
 ParOldGen       total 949760K, used 949515K [0x0000000080000000, 0x00000000b9f80000, 0x00000000d5580000)
  object space 949760K, 99% used [0x0000000080000000,0x00000000b9f42dd8,0x00000000b9f80000)
 Metaspace       used 106415K, committed 108480K, reserved 1179648K
  class space    used 10350K, committed 11456K, reserved 1048576K
}
Event: 267144.672 GC heap before
{Heap before GC invocations=12680 (full 21):
 PSYoungGen      total 5632K, used 5607K [0x00000000d5580000, 0x00000000d5c80000, 0x0000000100000000)
  eden space 5120K, 99% used [0x00000000d5580000,0x00000000d5a7dfa0,0x00000000d5a80000)
  from space 512K, 96% used [0x00000000d5b80000,0x00000000d5bfc050,0x00000000d5c00000)
  to   space 512K, 0% used [0x00000000d5c00000,0x00000000d5c00000,0x00000000d5c80000)
 ParOldGen       total 949760K, used 949515K [0x0000000080000000, 0x00000000b9f80000, 0x00000000d5580000)
  object space 949760K, 99% used [0x0000000080000000,0x00000000b9f42dd8,0x00000000b9f80000)
 Metaspace       used 106415K, committed 108480K, reserved 1179648K
  class space    used 10350K, committed 11456K, reserved 1048576K
}
Event: 267144.679 GC heap after
{Heap after GC invocations=12680 (full 21):
 PSYoungGen      total 5632K, used 320K [0x00000000d5580000, 0x00000000d5c80000, 0x0000000100000000)
  eden space 5120K, 0% used [0x00000000d5580000,0x00000000d5580000,0x00000000d5a80000)
  from space 512K, 62% used [0x00000000d5c00000,0x00000000d5c50000,0x00000000d5c80000)
  to   space 512K, 0% used [0x00000000d5b80000,0x00000000d5b80000,0x00000000d5c00000)
 ParOldGen       total 950272K, used 949795K [0x0000000080000000, 0x00000000ba000000, 0x00000000d5580000)
  object space 950272K, 99% used [0x0000000080000000,0x00000000b9f88e38,0x00000000ba000000)
 Metaspace       used 106415K, committed 108480K, reserved 1179648K
  class space    used 10350K, committed 11456K, reserved 1048576K
}
Event: 267145.153 GC heap before
{Heap before GC invocations=12681 (full 21):
 PSYoungGen      total 5632K, used 5440K [0x00000000d5580000, 0x00000000d5c80000, 0x0000000100000000)
  eden space 5120K, 100% used [0x00000000d5580000,0x00000000d5a80000,0x00000000d5a80000)
  from space 512K, 62% used [0x00000000d5c00000,0x00000000d5c50000,0x00000000d5c80000)
  to   space 512K, 0% used [0x00000000d5b80000,0x00000000d5b80000,0x00000000d5c00000)
 ParOldGen       total 950272K, used 949795K [0x0000000080000000, 0x00000000ba000000, 0x00000000d5580000)
  object space 950272K, 99% used [0x0000000080000000,0x00000000b9f88e38,0x00000000ba000000)
 Metaspace       used 106415K, committed 108480K, reserved 1179648K
  class space    used 10350K, committed 11456K, reserved 1048576K
}
Event: 267145.161 GC heap after
{Heap after GC invocations=12681 (full 21):
 PSYoungGen      total 5632K, used 352K [0x00000000d5580000, 0x00000000d5c80000, 0x0000000100000000)
  eden space 5120K, 0% used [0x00000000d5580000,0x00000000d5580000,0x00000000d5a80000)
  from space 512K, 68% used [0x00000000d5b80000,0x00000000d5bd8020,0x00000000d5c00000)
  to   space 512K, 0% used [0x00000000d5c00000,0x00000000d5c00000,0x00000000d5c80000)
 ParOldGen       total 950272K, used 949899K [0x0000000080000000, 0x00000000ba000000, 0x00000000d5580000)
  object space 950272K, 99% used [0x0000000080000000,0x00000000b9fa2e38,0x00000000ba000000)
 Metaspace       used 106415K, committed 108480K, reserved 1179648K
  class space    used 10350K, committed 11456K, reserved 1048576K
}
Event: 267153.945 GC heap before
{Heap before GC invocations=12682 (full 21):
 PSYoungGen      total 5632K, used 5472K [0x00000000d5580000, 0x00000000d5c80000, 0x0000000100000000)
  eden space 5120K, 100% used [0x00000000d5580000,0x00000000d5a80000,0x00000000d5a80000)
  from space 512K, 68% used [0x00000000d5b80000,0x00000000d5bd8020,0x00000000d5c00000)
  to   space 512K, 0% used [0x00000000d5c00000,0x00000000d5c00000,0x00000000d5c80000)
 ParOldGen       total 950272K, used 949899K [0x0000000080000000, 0x00000000ba000000, 0x00000000d5580000)
  object space 950272K, 99% used [0x0000000080000000,0x00000000b9fa2e38,0x00000000ba000000)
 Metaspace       used 106415K, committed 108480K, reserved 1179648K
  class space    used 10350K, committed 11456K, reserved 1048576K
}
Event: 267153.950 GC heap after
{Heap after GC invocations=12682 (full 21):
 PSYoungGen      total 5632K, used 320K [0x00000000d5580000, 0x00000000d5c80000, 0x0000000100000000)
  eden space 5120K, 0% used [0x00000000d5580000,0x00000000d5580000,0x00000000d5a80000)
  from space 512K, 62% used [0x00000000d5c00000,0x00000000d5c50000,0x00000000d5c80000)
  to   space 512K, 0% used [0x00000000d5b80000,0x00000000d5b80000,0x00000000d5c00000)
 ParOldGen       total 950272K, used 950035K [0x0000000080000000, 0x00000000ba000000, 0x00000000d5580000)
  object space 950272K, 99% used [0x0000000080000000,0x00000000b9fc4e68,0x00000000ba000000)
 Metaspace       used 106415K, committed 108480K, reserved 1179648K
  class space    used 10350K, committed 11456K, reserved 1048576K
}

